<?xml version="1.0" encoding="UTF-8"?>
<!-- Generated by org.testng.reporters.JUnitReportReporter -->
<testsuite hostname="DESKTOP-P7OORB0" failures="0" tests="7" name="WorkingWithTestNG.ExecutionConditionUsingDependMetho" time="0.026" errors="1" timestamp="2023-02-10T14:53:11 IST" skipped="1">
  <testcase classname="WorkingWithTestNG.ExecutionConditionUsingDependMetho" name="register" time="0.002"/>
  <system-out>
Registered SucessFully  </system-out>
  <testcase classname="WorkingWithTestNG.ExecutionConditionUsingDependMetho" name="createAccount" time="0.003"/>
  <system-out>
Account Created SucessFully  </system-out>
  <testcase classname="WorkingWithTestNG.ExecutionConditionUsingDependMetho" name="aegister" time="0.015"/>
  <system-out>
Registered SucessFully  </system-out>
  <testcase classname="WorkingWithTestNG.ExecutionConditionUsingDependMetho" name="modifyAccount" time="0.002">
    <error message="/ by zero" type="java.lang.ArithmeticException">
      <![CDATA[java.lang.ArithmeticException: / by zero
at WorkingWithTestNG.ExecutionConditionUsingDependMetho.modifyAccount(ExecutionConditionUsingDependMetho.java:18)
at java.base/jdk.internal.reflect.NativeMethodAccessorImpl.invoke0(Native Method)
at java.base/jdk.internal.reflect.NativeMethodAccessorImpl.invoke(NativeMethodAccessorImpl.java:77)
at java.base/jdk.internal.reflect.DelegatingMethodAccessorImpl.invoke(DelegatingMethodAccessorImpl.java:43)
at java.base/java.lang.reflect.Method.invoke(Method.java:568)
at org.testng.internal.MethodInvocationHelper.invokeMethod(MethodInvocationHelper.java:132)
at org.testng.internal.TestInvoker.invokeMethod(TestInvoker.java:599)
at org.testng.internal.TestInvoker.invokeTestMethod(TestInvoker.java:174)
at org.testng.internal.MethodRunner.runInSequence(MethodRunner.java:46)
at org.testng.internal.TestInvoker$MethodInvocationAgent.invoke(TestInvoker.java:822)
at org.testng.internal.TestInvoker.invokeTestMethods(TestInvoker.java:147)
at org.testng.internal.TestMethodWorker.invokeTestMethods(TestMethodWorker.java:146)
at org.testng.internal.TestMethodWorker.run(TestMethodWorker.java:128)
at java.base/java.util.ArrayList.forEach(ArrayList.java:1511)
at org.testng.TestRunner.privateRun(TestRunner.java:764)
at org.testng.TestRunner.run(TestRunner.java:585)
at org.testng.SuiteRunner.runTest(SuiteRunner.java:384)
at org.testng.SuiteRunner.runSequentially(SuiteRunner.java:378)
at org.testng.SuiteRunner.privateRun(SuiteRunner.java:337)
at org.testng.SuiteRunner.run(SuiteRunner.java:286)
at org.testng.SuiteRunnerWorker.runSuite(SuiteRunnerWorker.java:53)
at org.testng.SuiteRunnerWorker.run(SuiteRunnerWorker.java:96)
at org.testng.TestNG.runSuitesSequentially(TestNG.java:1218)
at org.testng.TestNG.runSuitesLocally(TestNG.java:1140)
at org.testng.TestNG.runSuites(TestNG.java:1069)
at org.testng.TestNG.run(TestNG.java:1037)
at org.testng.remote.AbstractRemoteTestNG.run(AbstractRemoteTestNG.java:115)
at org.testng.remote.RemoteTestNG.initAndRun(RemoteTestNG.java:251)
at org.testng.remote.RemoteTestNG.main(RemoteTestNG.java:77)
]]>
    </error>
  </testcase> <!-- modifyAccount -->
  <system-out/>
  <testcase classname="WorkingWithTestNG.ExecutionConditionUsingDependMetho" name="begister" time="0.002"/>
  <system-out>
Registered SucessFully  </system-out>
  <testcase classname="WorkingWithTestNG.ExecutionConditionUsingDependMetho" name="deleteAccount" time="0.000">
    <skipped/>
  </testcase> <!-- deleteAccount -->
  <system-out/>
  <testcase classname="WorkingWithTestNG.ExecutionConditionUsingDependMetho" name="ammountTransfer" time="0.002"/>
  <system-out>
Ammount transferd SucessFully  </system-out>
</testsuite> <!-- WorkingWithTestNG.ExecutionConditionUsingDependMetho -->
