<?xml version="1.0" encoding="UTF-8"?>
<!-- Generated by org.testng.reporters.JUnitReportReporter -->
<testsuite hostname="DESKTOP-P7OORB0" failures="0" tests="7" name="WorkingWithTestNG.OtherTestNGMethods" time="138.367" errors="1" timestamp="2023-01-10T10:26:05 IST" skipped="0">
  <testcase classname="WorkingWithTestNG.OtherTestNGMethods" name="updateAccount" time="7.133"/>
  <system-out>
Welcome to Hindustan Aeronautics Limited | India  </system-out>
  <testcase classname="WorkingWithTestNG.OtherTestNGMethods" name="createAccount" time="26.956"/>
  <system-out>
FireFlink – Test Automation. Redefined.  </system-out>
  <testcase classname="WorkingWithTestNG.OtherTestNGMethods" name="createAccount" time="26.994"/>
  <system-out>
FireFlink – Test Automation. Redefined.  </system-out>
  <testcase classname="WorkingWithTestNG.OtherTestNGMethods" name="createAccount" time="26.994"/>
  <system-out>
FireFlink – Test Automation. Redefined.  </system-out>
  <testcase classname="WorkingWithTestNG.OtherTestNGMethods" name="modifyAccount" time="5.012">
    <error message="Method WorkingWithTestNG.OtherTestNGMethods.modifyAccount() didn&#039;t finish within the time-out 5000" type="org.testng.internal.thread.ThreadTimeoutException">
      <![CDATA[org.testng.internal.thread.ThreadTimeoutException: Method WorkingWithTestNG.OtherTestNGMethods.modifyAccount() didn't finish within the time-out 5000
at org.testng.internal.MethodInvocationHelper.invokeWithTimeoutWithNewExecutor(MethodInvocationHelper.java:371)
at org.testng.internal.MethodInvocationHelper.invokeWithTimeout(MethodInvocationHelper.java:282)
at org.testng.internal.TestInvoker.invokeMethod(TestInvoker.java:605)
at org.testng.internal.TestInvoker.invokeTestMethod(TestInvoker.java:174)
at org.testng.internal.MethodRunner.runInSequence(MethodRunner.java:46)
at org.testng.internal.TestInvoker$MethodInvocationAgent.invoke(TestInvoker.java:822)
at org.testng.internal.TestInvoker.invokeTestMethods(TestInvoker.java:147)
at org.testng.internal.TestMethodWorker.invokeTestMethods(TestMethodWorker.java:146)
at org.testng.internal.TestMethodWorker.run(TestMethodWorker.java:128)
at java.base/java.util.ArrayList.forEach(ArrayList.java:1511)
at org.testng.TestRunner.privateRun(TestRunner.java:764)
at org.testng.TestRunner.run(TestRunner.java:585)
at org.testng.SuiteRunner.runTest(SuiteRunner.java:384)
at org.testng.SuiteRunner.runSequentially(SuiteRunner.java:378)
at org.testng.SuiteRunner.privateRun(SuiteRunner.java:337)
at org.testng.SuiteRunner.run(SuiteRunner.java:286)
at org.testng.SuiteRunnerWorker.runSuite(SuiteRunnerWorker.java:53)
at org.testng.SuiteRunnerWorker.run(SuiteRunnerWorker.java:96)
at org.testng.TestNG.runSuitesSequentially(TestNG.java:1218)
at org.testng.TestNG.runSuitesLocally(TestNG.java:1140)
at org.testng.TestNG.runSuites(TestNG.java:1069)
at org.testng.TestNG.run(TestNG.java:1037)
at org.testng.remote.AbstractRemoteTestNG.run(AbstractRemoteTestNG.java:115)
at org.testng.remote.RemoteTestNG.initAndRun(RemoteTestNG.java:251)
at org.testng.remote.RemoteTestNG.main(RemoteTestNG.java:77)
]]>
    </error>
  </testcase> <!-- modifyAccount -->
  <system-out/>
  <testcase classname="WorkingWithTestNG.OtherTestNGMethods" name="createAccount" time="26.924"/>
  <system-out>
FireFlink – Test Automation. Redefined.  </system-out>
  <testcase classname="WorkingWithTestNG.OtherTestNGMethods" name="deleteAccount" time="18.354"/>
  <system-out>
DigiKey Electronics India - Electronic Components Distributor  </system-out>
</testsuite> <!-- WorkingWithTestNG.OtherTestNGMethods -->
